[sudpafhr.manus.space/index.html]
[backblue.gif]
[fade.gif]
[index.html]
[sudpafhr.manus.space/styles.css]
[cdnjs.cloudflare.com/ajax/libs/font-awesome/6.0.0/css/all.min.css]
[sudpafhr.manus.space/assets/images/medicamentos-hero.jpg]
[sudpafhr.manus.space/assets/images/farmaceutico.jpg]
[sudpafhr.manus.space/script.js]
[sudpafhr.manus.space/index.html]
[sudpafhr.manus.space/styles.css]
[cdnjs.cloudflare.com/ajax/libs/font-awesome/6.0.0/css/all.min.css]
[sudpafhr.manus.space/n.html]
[sudpafhr.manus.space/; path=/index.html]
[sudpafhr.manus.space/POST.html]
[sudpafhr.manus.space/e.html]
[sudpafhr.manus.space/Z.href,window.location.html]
[sudpafhr.manus.space/t,n.html]
[sudpafhr.manus.space/window.location.html]
[plausible.io/js/script.file-downloads.hash.outbound-links.pageview-props.revenue.tagged-events.js]
